<?xml version="1.0" encoding="UTF-8"?>
<!-- Generated by org.testng.reporters.JUnitXMLReporter -->
<testsuite hostname="DESKTOP-L49GJNQ" ignored="0" name="TestAssert" tests="1" failures="1" timestamp="2020-06-16T14:42:54 CDT" time="0.013" errors="0">
  <testcase name="validateTitle" time="0.013" classname="udemy.TestAssert">
    <failure type="java.lang.AssertionError" message="The following asserts failed:
	expected [google.com] but found [yahoo.com]">
      <![CDATA[java.lang.AssertionError: The following asserts failed:
expected [google.com] but found [yahoo.com]
at udemy.TestAssert.validateTitle(TestAssert.java:20)
at java.util.ArrayList.forEach(ArrayList.java:1257)
... Removed 30 stack frames]]>
    </failure>
  </testcase> <!-- validateTitle -->
</testsuite> <!-- TestAssert -->
