<?xml version="1.0" encoding="UTF-8"?>
<!-- Generated by org.testng.reporters.JUnitXMLReporter -->
<testsuite hostname="DESKTOP-L49GJNQ" ignored="0" name="Test" tests="5" failures="2" timestamp="2020-06-16T13:23:19 CDT" time="18.696" errors="0">
  <testcase name="validateTitle" time="0.015" classname="udemy.TestAssert">
    <failure type="java.lang.AssertionError" message="The following asserts failed:
	expected [google.com] but found [yahoo.com]">
      <![CDATA[java.lang.AssertionError: The following asserts failed:
expected [google.com] but found [yahoo.com]
at udemy.TestAssert.validateTitle(TestAssert.java:20)
at java.util.ArrayList.forEach(ArrayList.java:1257)
... Removed 29 stack frames]]>
    </failure>
  </testcase> <!-- validateTitle -->
  <testcase name="doRegister" time="0.0" classname="udemy.DependencyTest"/>
  <testcase name="doLogin" time="0.0" classname="udemy.DependencyTest">
    <failure type="java.lang.AssertionError" message="user not registered">
      <![CDATA[java.lang.AssertionError: user not registered
at udemy.DependencyTest.doLogin(DependencyTest.java:11)
at java.util.ArrayList.forEach(ArrayList.java:1257)
... Removed 28 stack frames]]>
    </failure>
  </testcase> <!-- doLogin -->
  <testcase name="doSomething" time="0.0" classname="udemy.DependencyTest"/>
  <testcase name="clickTibet" time="8.124" classname="udemy.MouseOverTest"/>
</testsuite> <!-- Test -->
